0 info it worked if it ends with ok
1 verbose cli [ '/usr/local/bin/node',
1 verbose cli   '/usr/local/bin/npm',
1 verbose cli   'install',
1 verbose cli   'angular-foursquare' ]
2 info using npm@1.3.2
3 info using node@v0.10.13
4 verbose readDependencies using package.json deps
5 verbose cache add [ 'angular-foursquare', null ]
6 verbose cache add name=undefined spec="angular-foursquare" args=["angular-foursquare",null]
7 verbose parsed url { protocol: null,
7 verbose parsed url   slashes: null,
7 verbose parsed url   auth: null,
7 verbose parsed url   host: null,
7 verbose parsed url   port: null,
7 verbose parsed url   hostname: null,
7 verbose parsed url   hash: null,
7 verbose parsed url   search: null,
7 verbose parsed url   query: null,
7 verbose parsed url   pathname: 'angular-foursquare',
7 verbose parsed url   path: 'angular-foursquare',
7 verbose parsed url   href: 'angular-foursquare' }
8 silly lockFile 4bb3769d-angular-foursquare angular-foursquare
9 verbose lock angular-foursquare /Users/arkadiuszputko/.npm/4bb3769d-angular-foursquare.lock
10 silly lockFile 4bb3769d-angular-foursquare angular-foursquare
11 silly lockFile 4bb3769d-angular-foursquare angular-foursquare
12 verbose addNamed [ 'angular-foursquare', '' ]
13 verbose addNamed [ null, '*' ]
14 silly lockFile b8868faf-angular-foursquare angular-foursquare@
15 verbose lock angular-foursquare@ /Users/arkadiuszputko/.npm/b8868faf-angular-foursquare.lock
16 silly addNameRange { name: 'angular-foursquare', range: '*', hasData: false }
17 verbose url raw angular-foursquare
18 verbose url resolving [ 'https://registry.npmjs.org/', './angular-foursquare' ]
19 verbose url resolved https://registry.npmjs.org/angular-foursquare
20 info trying registry request attempt 1 at 19:16:42
21 http GET https://registry.npmjs.org/angular-foursquare
22 http 404 https://registry.npmjs.org/angular-foursquare
23 silly registry.get cb [ 404,
23 silly registry.get   { server: 'CouchDB/1.3.1 (Erlang OTP/R15B03)',
23 silly registry.get     date: 'Sat, 14 Sep 2013 17:16:48 GMT',
23 silly registry.get     'content-type': 'application/json',
23 silly registry.get     'content-length': '52',
23 silly registry.get     'cache-control': 'must-revalidate' } ]
24 silly lockFile b8868faf-angular-foursquare angular-foursquare@
25 silly lockFile b8868faf-angular-foursquare angular-foursquare@
26 error 404 'angular-foursquare' is not in the npm registry.
26 error 404 You should bug the author to publish it
26 error 404
26 error 404 Note that you can also install from a
26 error 404 tarball, folder, or http url, or git url.
27 error System Darwin 12.4.0
28 error command "/usr/local/bin/node" "/usr/local/bin/npm" "install" "angular-foursquare"
29 error cwd /Users/arkadiuszputko/Documents/gdanskboard
30 error node -v v0.10.13
31 error npm -v 1.3.2
32 error code E404
33 verbose exit [ 1, true ]
